<?xml version="1.0" encoding="UTF-8"?>
<!-- Generated by org.testng.reporters.JUnitReportReporter -->
<testsuite skipped="0" hostname="HDLCHITTIBABUC" name="com.qa.test.DemoTest" tests="4" failures="0" timestamp="10 Apr 2020 05:35:55 GMT" time="0.035" errors="0">
  <testcase name="div" time="0.021" classname="com.qa.test.DemoTest"/>
  <testcase name="multi" time="0.003" classname="com.qa.test.DemoTest"/>
  <testcase name="sub" time="0.007" classname="com.qa.test.DemoTest"/>
  <testcase name="sum" time="0.004" classname="com.qa.test.DemoTest"/>
</testsuite> <!-- com.qa.test.DemoTest -->
